2024-08-16 21:14:12: ✅ DB size: 14.87MB (yesterday: 14.87 MB).
2024-08-16 21:16:31: ✅ Deleted table 'wp_mailpoet_newsletter_templates'
2024-08-16 21:16:35: ✅ Deleted table 'wp_mailpoet_subscribers'
2024-08-16 21:16:40: ✅ Deleted table 'wp_mailpoet_statistics_woocommerce_purchases'
2024-08-16 21:16:45: ✅ Deleted table 'wp_mailpoet_statistics_opens'
2024-08-16 21:16:53: ✅ Deleted table 'wp_mailpoet_newsletter_links'
2024-08-16 21:16:57: ✅ Deleted table 'wp_mailpoet_statistics_unsubscribes'
2024-08-16 21:17:01: ✅ Deleted table 'wp_mailpoet_statistics_clicks'
2024-08-16 21:17:05: ✅ Deleted table 'wp_mailpoet_automation_run_logs'
2024-08-16 21:17:15: ✅ Deleted table 'wp_mailpoet_automation_run_subjects'
2024-08-16 21:17:19: ✅ Deleted table 'wp_mailpoet_newsletters'
2024-08-16 21:17:23: ✅ Deleted table 'wp_mailpoet_scheduled_tasks'
2024-08-16 21:17:27: ✅ Deleted table 'wp_mailpoet_segments'
2024-08-16 21:17:32: ✅ Deleted table 'wp_mailpoet_sending_queues'
2024-08-16 21:17:36: ✅ Deleted table 'wp_mailpoet_statistics_newsletters'
2024-08-16 21:17:41: ✅ Deleted table 'wp_mailpoet_stats_notifications'
2024-08-16 21:17:45: ✅ Deleted table 'wp_mailpoet_subscriber_segment'
2024-08-16 21:17:49: ✅ Deleted table 'wp_mailpoet_subscriber_tag'
2024-08-16 21:17:54: ✅ Deleted table 'wp_mailpoet_user_agents'
2024-08-16 21:17:58: ✅ Deleted table 'wp_mailpoet_user_flags'
2024-08-16 21:18:03: ✅ Deleted table 'wp_mailpoet_dynamic_segment_filters'
2024-08-16 21:18:08: ✅ Deleted table 'wp_mailpoet_automation_runs'
2024-08-16 21:18:13: ✅ Deleted table 'wp_mailpoet_tags'
2024-08-16 21:18:19: ✅ Deleted table 'wp_mailpoet_automation_versions'
2024-08-16 21:18:23: ✅ Deleted table 'wp_mailpoet_migrations'
2024-08-16 21:18:28: ✅ Deleted table 'wp_mailpoet_subscriber_ips'
2024-08-16 21:18:33: ✅ Deleted table 'wp_mailpoet_subscriber_custom_field'
2024-08-16 21:18:38: ✅ Deleted table 'wp_mailpoet_newsletter_option'
2024-08-16 21:18:44: ✅ Deleted table 'wp_mailpoet_feature_flags'
2024-08-16 21:18:50: ✅ Deleted table 'wp_mailpoet_custom_fields'
2024-08-16 21:18:58: ✅ Deleted table 'wp_mailpoet_newsletter_option_fields'
2024-08-16 21:19:09: ✅ Deleted table 'wp_mailpoet_settings'
2024-08-16 21:19:13: ✅ Deleted table 'wp_mailpoet_statistics_forms'
2024-08-16 21:19:20: ✅ Deleted table 'wp_mailpoet_scheduled_task_subscribers'
2024-08-16 21:19:25: ✅ Deleted table 'wp_mailpoet_automations'
2024-08-16 21:19:29: ✅ Deleted table 'wp_mailpoet_automation_triggers'
2024-08-16 21:19:36: ✅ Deleted table 'wp_mailpoet_log'
2024-08-16 21:19:40: ✅ Deleted table 'wp_mailpoet_statistics_bounces'
2024-08-16 21:19:46: ✅ Deleted table 'wp_mailpoet_forms'
2024-08-16 21:19:58: ✅ Deleted table 'wp_mailpoet_newsletter_segment'
2024-08-16 21:20:06: ✅ Deleted table 'wp_mailpoet_newsletter_posts'
2024-08-16 21:20:32: ✅ Cleaned 'Expired Transients'
